-------------------------------------------------------------------------------
Test set: TestSuite
-------------------------------------------------------------------------------
Tests run: 3, Failures: 1, Errors: 0, Skipped: 1, Time elapsed: 7.009 s <<< FAILURE! - in TestSuite
com.tests.Logintest.failTest  Time elapsed: 0.23 s  <<< FAILURE!
java.lang.AssertionError: expected [test] but found [JavaByKiran | Dashboard]
	at com.tests.Logintest.failTest(Logintest.java:37)

