<?xml version="1.0" encoding="UTF-8"?>
<!-- Generated by org.testng.reporters.JUnitXMLReporter -->
<testsuite hostname="DESKTOP-6HQ98OD" ignored="0" name="Test" tests="3" failures="1" timestamp="21 Jul 2022 12:07:19 GMT" time="1.798" errors="0">
  <testcase name="logintest" time="1.529" classname="com.tests.Logintest"/>
  <testcase name="failTest" time="0.007" classname="com.tests.Logintest">
    <failure type="java.lang.AssertionError" message="expected [test] but found [JavaByKiran | Dashboard]">
      <![CDATA[java.lang.AssertionError: expected [test] but found [JavaByKiran | Dashboard]
at com.tests.Logintest.failTest(Logintest.java:37)
... Removed 35 stack frames]]>
    </failure>
  </testcase> <!-- failTest -->
  <testcase name="skipTest" time="0.012" classname="com.tests.Logintest">
    <skipped/>
  </testcase> <!-- skipTest -->
</testsuite> <!-- Test -->
